[     124ms] [LOG] [Fast Refresh] rebuilding @ http://localhost:3000/_next/static/chunks/node_modules_next_dist_1ybzpk2._.js:2477
[     138ms] [LOG] [Fast Refresh] done in 123ms @ http://localhost:3000/_next/static/chunks/node_modules_next_dist_1ybzpk2._.js:2477
[     326ms] [INFO] %cDownload the React DevTools for a better development experience: https://react.dev/link/react-devtools font-weight:bold @ http://localhost:3000/_next/static/chunks/node_modules_next_dist_1ybzpk2._.js:2477
[     391ms] [LOG] [HMR] connected @ http://localhost:3000/_next/static/chunks/node_modules_next_dist_1ybzpk2._.js:2477
[     797ms] [ERROR] Failed to load resource: the server responded with a status of 400 () @ https://elahnkznndfwrkruitpw.supabase.co/rest/v1/profiles?select=birth_date%2Cage%2Csex%2Cconditions&id=eq.6aa9cc85-b269-43a8-81f7-d14d115c7c6e:0
[     955ms] [ERROR] Failed to load resource: the server responded with a status of 400 () @ https://elahnkznndfwrkruitpw.supabase.co/rest/v1/vaccine_records?select=vaccine_id%2Cgiven_at&user_id=eq.6aa9cc85-b269-43a8-81f7-d14d115c7c6e:0
[   39618ms] [ERROR] Failed to load resource: the server responded with a status of 400 () @ https://elahnkznndfwrkruitpw.supabase.co/rest/v1/profiles?select=birth_date&id=eq.6aa9cc85-b269-43a8-81f7-d14d115c7c6e:0
[   39732ms] [ERROR] Failed to load resource: the server responded with a status of 400 () @ https://elahnkznndfwrkruitpw.supabase.co/rest/v1/profiles?select=age&id=eq.6aa9cc85-b269-43a8-81f7-d14d115c7c6e:0
[   39861ms] [ERROR] Failed to load resource: the server responded with a status of 400 () @ https://elahnkznndfwrkruitpw.supabase.co/rest/v1/profiles?select=sex&id=eq.6aa9cc85-b269-43a8-81f7-d14d115c7c6e:0
[   39986ms] [ERROR] Failed to load resource: the server responded with a status of 400 () @ https://elahnkznndfwrkruitpw.supabase.co/rest/v1/profiles?select=conditions&id=eq.6aa9cc85-b269-43a8-81f7-d14d115c7c6e:0
[  142966ms] [LOG] [Fast Refresh] rebuilding @ http://localhost:3000/_next/static/chunks/node_modules_next_dist_1ybzpk2._.js:2477
[  143147ms] [LOG] [Fast Refresh] done in 273ms @ http://localhost:3000/_next/static/chunks/node_modules_next_dist_1ybzpk2._.js:2477
[  143264ms] [LOG] [Fast Refresh] rebuilding @ http://localhost:3000/_next/static/chunks/node_modules_next_dist_1ybzpk2._.js:2477
[  143524ms] [LOG] [Fast Refresh] done in 364ms @ http://localhost:3000/_next/static/chunks/node_modules_next_dist_1ybzpk2._.js:2477
[  161224ms] [LOG] [Fast Refresh] rebuilding @ http://localhost:3000/_next/static/chunks/node_modules_next_dist_1ybzpk2._.js:2477
[  161279ms] [LOG] [Fast Refresh] done in 201ms @ http://localhost:3000/_next/static/chunks/node_modules_next_dist_1ybzpk2._.js:2477
[  161394ms] [LOG] [Fast Refresh] rebuilding @ http://localhost:3000/_next/static/chunks/node_modules_next_dist_1ybzpk2._.js:2477
[  161487ms] [ERROR] Failed to load resource: the server responded with a status of 400 () @ https://elahnkznndfwrkruitpw.supabase.co/rest/v1/vaccine_records?select=vaccine_id%2Cgiven_at&user_id=eq.6aa9cc85-b269-43a8-81f7-d14d115c7c6e:0
[  161554ms] [LOG] [Fast Refresh] done in 269ms @ http://localhost:3000/_next/static/chunks/node_modules_next_dist_1ybzpk2._.js:2477
[  180787ms] [LOG] [Fast Refresh] rebuilding @ http://localhost:3000/_next/static/chunks/node_modules_next_dist_1ybzpk2._.js:2477
[  180851ms] [LOG] [Fast Refresh] done in 166ms @ http://localhost:3000/_next/static/chunks/node_modules_next_dist_1ybzpk2._.js:2477
