[     605ms] [LOG] [Fast Refresh] rebuilding @ http://localhost:3000/_next/static/chunks/node_modules_next_dist_1ybzpk2._.js:2477
[   29569ms] [LOG] [Fast Refresh] done in 29077ms @ http://localhost:3000/_next/static/chunks/node_modules_next_dist_1ybzpk2._.js:2477
[   66126ms] [INFO] %cDownload the React DevTools for a better development experience: https://react.dev/link/react-devtools font-weight:bold @ http://localhost:3000/_next/static/chunks/node_modules_next_dist_1ybzpk2._.js:2477
[   80290ms] [LOG] [HMR] connected @ http://localhost:3000/_next/static/chunks/node_modules_next_dist_1ybzpk2._.js:2477
[   80503ms] [LOG] [Fast Refresh] rebuilding @ http://localhost:3000/_next/static/chunks/node_modules_next_dist_1ybzpk2._.js:2477
[   83410ms] [LOG] [Fast Refresh] done in 3042ms @ http://localhost:3000/_next/static/chunks/node_modules_next_dist_1ybzpk2._.js:2477
[   85441ms] [LOG] [Fast Refresh] rebuilding @ http://localhost:3000/_next/static/chunks/node_modules_next_dist_1ybzpk2._.js:2477
[   86562ms] [LOG] [Fast Refresh] done in 1234ms @ http://localhost:3000/_next/static/chunks/node_modules_next_dist_1ybzpk2._.js:2477
[  142829ms] [LOG] [Fast Refresh] rebuilding @ http://localhost:3000/_next/static/chunks/node_modules_next_dist_1ybzpk2._.js:2477
[  162636ms] [LOG] [Fast Refresh] done in 19922ms @ http://localhost:3000/_next/static/chunks/node_modules_next_dist_1ybzpk2._.js:2477
[  222126ms] [LOG] [Fast Refresh] rebuilding @ http://localhost:3000/_next/static/chunks/node_modules_next_dist_1ybzpk2._.js:2477
[  225164ms] [LOG] [Fast Refresh] done in 3151ms @ http://localhost:3000/_next/static/chunks/node_modules_next_dist_1ybzpk2._.js:2477
[  257984ms] [LOG] [Fast Refresh] rebuilding @ http://localhost:3000/_next/static/chunks/node_modules_next_dist_1ybzpk2._.js:2477
[  266266ms] [LOG] [Fast Refresh] done in 7868ms @ http://localhost:3000/_next/static/chunks/node_modules_next_dist_1ybzpk2._.js:2477
[  266374ms] [LOG] [Fast Refresh] rebuilding @ http://localhost:3000/_next/static/chunks/node_modules_next_dist_1ybzpk2._.js:2477
[  267449ms] [LOG] [Fast Refresh] done in 1183ms @ http://localhost:3000/_next/static/chunks/node_modules_next_dist_1ybzpk2._.js:2477
[  267558ms] [LOG] [Fast Refresh] rebuilding @ http://localhost:3000/_next/static/chunks/node_modules_next_dist_1ybzpk2._.js:2477
[  270363ms] [LOG] [Fast Refresh] done in 2909ms @ http://localhost:3000/_next/static/chunks/node_modules_next_dist_1ybzpk2._.js:2477
[  291809ms] [LOG] [Fast Refresh] rebuilding @ http://localhost:3000/_next/static/chunks/node_modules_next_dist_1ybzpk2._.js:2477
[  302140ms] [ERROR] ./app/login/page.tsx:263:15
Expected '</', got 'jsx text'
  261 |             <Link href="/privacy" style={{ color: 'var(--green)', textDecoration: 'none' ...
  262 |           </p>
> 263 |         </div>
      |               ^^^^^^^^^^^^^^^^^^^^^^^^^^^^^^^^^^^^^^^^^^^^^^^^^^^^^^^^^^^^^^^^^^^^^^^^^^^^^^
> 264 |       </div>
      | ^^^^^^
  265 |
  266 |       <style>{`
  267 |         .google-btn:hover:not(:disabled) { border-color: var(--border-2) !important; box-...

Parsing ecmascript source code failed

Import traces:
  Client Component Browser:
    ./app/login/page.tsx [Client Component Browser]
    ./app/login/page.tsx [Server Component]

  Client Component SSR:
    ./app/login/page.tsx [Client Component SSR]
    ./app/login/page.tsx [Server Component] @ http://localhost:3000/_next/static/chunks/node_modules_next_dist_1ybzpk2._.js:3318
[  302918ms] [ERROR] ./app/login/page.tsx:263:15
Expected '</', got 'jsx text'
  261 |             <Link href="/privacy" style={{ color: 'var(--green)', textDecoration: 'none' ...
  262 |           </p>
> 263 |         </div>
      |               ^^^^^^^^^^^^^^^^^^^^^^^^^^^^^^^^^^^^^^^^^^^^^^^^^^^^^^^^^^^^^^^^^^^^^^^^^^^^^^
> 264 |       </div>
      | ^^^^^^
  265 |
  266 |       <style>{`
  267 |         .google-btn:hover:not(:disabled) { border-color: var(--border-2) !important; box-...

Parsing ecmascript source code failed

Import traces:
  Client Component Browser:
    ./app/login/page.tsx [Client Component Browser]
    ./app/login/page.tsx [Server Component]

  Client Component SSR:
    ./app/login/page.tsx [Client Component SSR]
    ./app/login/page.tsx [Server Component] @ http://localhost:3000/_next/static/chunks/node_modules_next_dist_1ybzpk2._.js:3318
[  303027ms] [LOG] [Fast Refresh] rebuilding @ http://localhost:3000/_next/static/chunks/node_modules_next_dist_1ybzpk2._.js:2477
[  325541ms] [ERROR] ./app/login/page.tsx:263:15
Expected '</', got 'jsx text'
  261 |             <Link href="/privacy" style={{ color: 'var(--green)', textDecoration: 'none' ...
  262 |           </p>
> 263 |         </div>
      |               ^^^^^^^^^^^^^^^^^^^^^^^^^^^^^^^^^^^^^^^^^^^^^^^^^^^^^^^^^^^^^^^^^^^^^^^^^^^^^^
> 264 |       </div>
      | ^^^^^^
  265 |
  266 |       <style>{`
  267 |         .google-btn:hover:not(:disabled) { border-color: var(--border-2) !important; box-...

Parsing ecmascript source code failed

Import traces:
  Client Component Browser:
    ./app/login/page.tsx [Client Component Browser]
    ./app/login/page.tsx [Server Component]

  Client Component SSR:
    ./app/login/page.tsx [Client Component SSR]
    ./app/login/page.tsx [Server Component] @ http://localhost:3000/_next/static/chunks/node_modules_next_dist_1ybzpk2._.js:3318
[  325645ms] [LOG] [Fast Refresh] rebuilding @ http://localhost:3000/_next/static/chunks/node_modules_next_dist_1ybzpk2._.js:2477
[  328670ms] [ERROR] ./app/login/page.tsx:263:15
Expected '</', got 'jsx text'
  261 |             <Link href="/privacy" style={{ color: 'var(--green)', textDecoration: 'none' ...
  262 |           </p>
> 263 |         </div>
      |               ^^^^^^^^^^^^^^^^^^^^^^^^^^^^^^^^^^^^^^^^^^^^^^^^^^^^^^^^^^^^^^^^^^^^^^^^^^^^^^
> 264 |       </div>
      | ^^^^^^
  265 |
  266 |       <style>{`
  267 |         .google-btn:hover:not(:disabled) { border-color: var(--border-2) !important; box-...

Parsing ecmascript source code failed

Import traces:
  Client Component Browser:
    ./app/login/page.tsx [Client Component Browser]
    ./app/login/page.tsx [Server Component]

  Client Component SSR:
    ./app/login/page.tsx [Client Component SSR]
    ./app/login/page.tsx [Server Component] @ http://localhost:3000/_next/static/chunks/node_modules_next_dist_1ybzpk2._.js:3318
[  328671ms] [ERROR] Failed to load resource: the server responded with a status of 500 (Internal Server Error) @ http://localhost:3000/pricing?_rsc=WWbEwSnqZw005rs7:0
[  328676ms] [ERROR] Failed to load resource: the server responded with a status of 500 (Internal Server Error) @ http://localhost:3000/api/notifications:0
[  328676ms] [ERROR] Failed to load resource: the server responded with a status of 500 (Internal Server Error) @ http://localhost:3000/pricing?_rsc=WWbEwSnqZw005rs7:0
[  328895ms] [LOG] [Fast Refresh] rebuilding @ http://localhost:3000/_next/static/chunks/node_modules_next_dist_1ybzpk2._.js:2477
[  328897ms] [ERROR] ./app/login/page.tsx:263:15
Expected '</', got 'jsx text'
  261 |             <Link href="/privacy" style={{ color: 'var(--green)', textDecoration: 'none' ...
  262 |           </p>
> 263 |         </div>
      |               ^^^^^^^^^^^^^^^^^^^^^^^^^^^^^^^^^^^^^^^^^^^^^^^^^^^^^^^^^^^^^^^^^^^^^^^^^^^^^^
> 264 |       </div>
      | ^^^^^^
  265 |
  266 |       <style>{`
  267 |         .google-btn:hover:not(:disabled) { border-color: var(--border-2) !important; box-...

Parsing ecmascript source code failed

Import traces:
  Client Component Browser:
    ./app/login/page.tsx [Client Component Browser]
    ./app/login/page.tsx [Server Component]

  Client Component SSR:
    ./app/login/page.tsx [Client Component SSR]
    ./app/login/page.tsx [Server Component] @ http://localhost:3000/_next/static/chunks/node_modules_next_dist_1ybzpk2._.js:3318
[  329209ms] [ERROR] Failed to load resource: the server responded with a status of 500 (Internal Server Error) @ http://localhost:3000/pricing:0
[  329349ms] [ERROR] Refused to execute script from 'http://localhost:3000/_next/static/development/_clientMiddlewareManifest.js' because its MIME type ('application/json') is not executable, and strict MIME type checking is enabled. @ http://localhost:3000/pricing:0
[  329413ms] [INFO] %cDownload the React DevTools for a better development experience: https://react.dev/link/react-devtools font-weight:bold @ http://localhost:3000/_next/static/chunks/node_modules_react-dom_0kla17-._.js:15305
[  329584ms] Error: ./app/login/page.tsx:263:15
Expected '</', got 'jsx text'
  261 |             <Link href="/privacy" style={{ color: 'var(--green)', textDecoration: 'none' ...
  262 |           </p>
> 263 |         </div>
      |               ^^^^^^^^^^^^^^^^^^^^^^^^^^^^^^^^^^^^^^^^^^^^^^^^^^^^^^^^^^^^^^^^^^^^^^^^^^^^^^
> 264 |       </div>
      | ^^^^^^
  265 |
  266 |       <style>{`
  267 |         .google-btn:hover:not(:disabled) { border-color: var(--border-2) !important; box-...

Parsing ecmascript source code failed

Import traces:
  Client Component Browser:
    ./app/login/page.tsx [Client Component Browser]
    ./app/login/page.tsx [Server Component]

  Client Component SSR:
    ./app/login/page.tsx [Client Component SSR]
    ./app/login/page.tsx [Server Component]


    at <unknown> (Error: ./app/login/page.tsx:263:15)
    at Object.getCompilationErrors (file://C:\Users\Fernando\phlox\node_modules\next\dist\server\dev\hot-reloader-turbopack.js:1186:59)
    at DevBundlerService.getCompilationError (file://C:\Users\Fernando\phlox\node_modules\next\dist\server\lib\dev-bundler-service.js:44:55)
    at DevServer.getCompilationError (file://C:\Users\Fernando\phlox\node_modules\next\dist\server\dev\next-dev-server.js:720:42)
    at DevServer.findPageComponents (file://C:\Users\Fernando\phlox\node_modules\next\dist\server\dev\next-dev-server.js:690:43)
    at async DevServer.renderErrorToResponseImpl (file://C:\Users\Fernando\phlox\node_modules\next\dist\server\base-server.js:1753:26)
[  329648ms] [LOG] [HMR] connected @ http://localhost:3000/_next/static/chunks/node_modules_next_dist_1gdrd03._.js:1226
[  329949ms] [ERROR] ./app/login/page.tsx:263:15
Expected '</', got 'jsx text'
  261 |             <Link href="/privacy" style={{ color: 'var(--green)', textDecoration: 'none' ...
  262 |           </p>
> 263 |         </div>
      |               ^^^^^^^^^^^^^^^^^^^^^^^^^^^^^^^^^^^^^^^^^^^^^^^^^^^^^^^^^^^^^^^^^^^^^^^^^^^^^^
> 264 |       </div>
      | ^^^^^^
  265 |
  266 |       <style>{`
  267 |         .google-btn:hover:not(:disabled) { border-color: var(--border-2) !important; box-...

Parsing ecmascript source code failed

Import traces:
  Client Component Browser:
    ./app/login/page.tsx [Client Component Browser]
    ./app/login/page.tsx [Server Component]

  Client Component SSR:
    ./app/login/page.tsx [Client Component SSR]
    ./app/login/page.tsx [Server Component] @ http://localhost:3000/_next/static/chunks/node_modules_next_dist_1gdrd03._.js:1945
[  330025ms] [LOG] [Fast Refresh] rebuilding @ http://localhost:3000/_next/static/chunks/node_modules_next_dist_1gdrd03._.js:1226
[  331400ms] [LOG] [Fast Refresh] done in 1483ms @ http://localhost:3000/_next/static/chunks/node_modules_next_dist_1gdrd03._.js:1226
[  331935ms] [INFO] %cDownload the React DevTools for a better development experience: https://react.dev/link/react-devtools font-weight:bold @ http://localhost:3000/_next/static/chunks/node_modules_next_dist_1ybzpk2._.js:2477
[  332332ms] [LOG] [HMR] connected @ http://localhost:3000/_next/static/chunks/node_modules_next_dist_1ybzpk2._.js:2477
[  332950ms] [LOG] [Fast Refresh] rebuilding @ http://localhost:3000/_next/static/chunks/node_modules_next_dist_1ybzpk2._.js:2477
[  333130ms] [LOG] [Fast Refresh] done in 280ms @ http://localhost:3000/_next/static/chunks/node_modules_next_dist_1ybzpk2._.js:2477
