[     218ms] [INFO] %cDownload the React DevTools for a better development experience: https://react.dev/link/react-devtools font-weight:bold @ http://localhost:3000/_next/static/chunks/node_modules_next_dist_1ybzpk2._.js:2477
[     251ms] [LOG] [HMR] connected @ http://localhost:3000/_next/static/chunks/node_modules_next_dist_1ybzpk2._.js:2477
[    9419ms] [LOG] [Fast Refresh] rebuilding @ http://localhost:3000/_next/static/chunks/node_modules_next_dist_1ybzpk2._.js:2477
[    9650ms] [LOG] [Fast Refresh] done in 346ms @ http://localhost:3000/_next/static/chunks/node_modules_next_dist_1ybzpk2._.js:2477
[   38518ms] [LOG] [Fast Refresh] rebuilding @ http://localhost:3000/_next/static/chunks/node_modules_next_dist_1ybzpk2._.js:2477
[   38569ms] [LOG] [Fast Refresh] done in 159ms @ http://localhost:3000/_next/static/chunks/node_modules_next_dist_1ybzpk2._.js:2477
[  104124ms] [LOG] [Fast Refresh] rebuilding @ http://localhost:3000/_next/static/chunks/node_modules_next_dist_1ybzpk2._.js:2477
[  104236ms] [LOG] [Fast Refresh] done in 229ms @ http://localhost:3000/_next/static/chunks/node_modules_next_dist_1ybzpk2._.js:2477
[38470834ms] [ERROR] WebSocket connection to 'ws://localhost:3000/_next/webpack-hmr?id=b-oTTuOd9sWN2bU0GSLVq' failed: Error in connection establishment: net::ERR_CONNECTION_REFUSED @ http://localhost:3000/_next/static/chunks/node_modules_next_dist_client_0r5nbpw._.js:13422
[38474189ms] [ERROR] WebSocket connection to 'ws://localhost:3000/_next/webpack-hmr?id=b-oTTuOd9sWN2bU0GSLVq' failed: Error in connection establishment: net::ERR_CONNECTION_REFUSED @ http://localhost:3000/_next/static/chunks/node_modules_next_dist_client_0r5nbpw._.js:13422
[38477530ms] [ERROR] WebSocket connection to 'ws://localhost:3000/_next/webpack-hmr?id=b-oTTuOd9sWN2bU0GSLVq' failed: Error in connection establishment: net::ERR_CONNECTION_REFUSED @ http://localhost:3000/_next/static/chunks/node_modules_next_dist_client_0r5nbpw._.js:13422
[38480893ms] [ERROR] WebSocket connection to 'ws://localhost:3000/_next/webpack-hmr?id=b-oTTuOd9sWN2bU0GSLVq' failed: Error in connection establishment: net::ERR_CONNECTION_REFUSED @ http://localhost:3000/_next/static/chunks/node_modules_next_dist_client_0r5nbpw._.js:13422
[38484232ms] [ERROR] WebSocket connection to 'ws://localhost:3000/_next/webpack-hmr?id=b-oTTuOd9sWN2bU0GSLVq' failed: Error in connection establishment: net::ERR_CONNECTION_REFUSED @ http://localhost:3000/_next/static/chunks/node_modules_next_dist_client_0r5nbpw._.js:13422
[38491595ms] [ERROR] WebSocket connection to 'ws://localhost:3000/_next/webpack-hmr?id=b-oTTuOd9sWN2bU0GSLVq' failed: Error in connection establishment: net::ERR_CONNECTION_REFUSED @ http://localhost:3000/_next/static/chunks/node_modules_next_dist_client_0r5nbpw._.js:13422
[38498977ms] [ERROR] WebSocket connection to 'ws://localhost:3000/_next/webpack-hmr?id=b-oTTuOd9sWN2bU0GSLVq' failed: Error in connection establishment: net::ERR_CONNECTION_REFUSED @ http://localhost:3000/_next/static/chunks/node_modules_next_dist_client_0r5nbpw._.js:13422
[38506348ms] [ERROR] WebSocket connection to 'ws://localhost:3000/_next/webpack-hmr?id=b-oTTuOd9sWN2bU0GSLVq' failed: Error in connection establishment: net::ERR_CONNECTION_REFUSED @ http://localhost:3000/_next/static/chunks/node_modules_next_dist_client_0r5nbpw._.js:13422
[38513727ms] [ERROR] WebSocket connection to 'ws://localhost:3000/_next/webpack-hmr?id=b-oTTuOd9sWN2bU0GSLVq' failed: Error in connection establishment: net::ERR_CONNECTION_REFUSED @ http://localhost:3000/_next/static/chunks/node_modules_next_dist_client_0r5nbpw._.js:13422
[38521089ms] [ERROR] WebSocket connection to 'ws://localhost:3000/_next/webpack-hmr?id=b-oTTuOd9sWN2bU0GSLVq' failed: Error in connection establishment: net::ERR_CONNECTION_REFUSED @ http://localhost:3000/_next/static/chunks/node_modules_next_dist_client_0r5nbpw._.js:13422
[38523195ms] [ERROR] Failed to load resource: net::ERR_CONNECTION_REFUSED @ http://localhost:3000/api/notifications:0
[38523231ms] TypeError: Failed to fetch
    at NotificationBell.useEffect.load (http://localhost:3000/_next/static/chunks/_0r87hmh._.js:449:39)
[38523260ms] [ERROR] WebSocket is already in CLOSING or CLOSED state. @ http://localhost:3000/_next/static/chunks/node_modules_next_dist_1ybzpk2._.js:2836
[38523451ms] [ERROR] Failed to load resource: net::ERR_CONNECTION_REFUSED @ http://localhost:3000/__nextjs_original-stack-frames:0
[38528511ms] [ERROR] WebSocket connection to 'ws://localhost:3000/_next/webpack-hmr?id=b-oTTuOd9sWN2bU0GSLVq' failed: Error in connection establishment: net::ERR_CONNECTION_REFUSED @ http://localhost:3000/_next/static/chunks/node_modules_next_dist_client_0r5nbpw._.js:13422
[38535984ms] [ERROR] WebSocket connection to 'ws://localhost:3000/_next/webpack-hmr?id=b-oTTuOd9sWN2bU0GSLVq' failed: Error in connection establishment: net::ERR_CONNECTION_REFUSED @ http://localhost:3000/_next/static/chunks/node_modules_next_dist_client_0r5nbpw._.js:13422
