[     120ms] [LOG] [Fast Refresh] rebuilding @ http://localhost:3000/_next/static/chunks/node_modules_next_dist_1ybzpk2._.js:2477
[     243ms] [LOG] [Fast Refresh] done in 228ms @ http://localhost:3000/_next/static/chunks/node_modules_next_dist_1ybzpk2._.js:2477
[     488ms] [INFO] %cDownload the React DevTools for a better development experience: https://react.dev/link/react-devtools font-weight:bold @ http://localhost:3000/_next/static/chunks/node_modules_next_dist_1ybzpk2._.js:2477
[     528ms] [LOG] [HMR] connected @ http://localhost:3000/_next/static/chunks/node_modules_next_dist_1ybzpk2._.js:2477
[     653ms] [LOG] [Fast Refresh] rebuilding @ http://localhost:3000/_next/static/chunks/node_modules_next_dist_1ybzpk2._.js:2477
[     742ms] [LOG] [Fast Refresh] done in 190ms @ http://localhost:3000/_next/static/chunks/node_modules_next_dist_1ybzpk2._.js:2477
[   18431ms] [ERROR] Failed to load resource: the server responded with a status of 401 () @ https://elahnkznndfwrkruitpw.supabase.co/rest/v1/profiles?id=eq.6aa9cc85-b269-43a8-81f7-d14d115c7c6e:0
[  212864ms] [LOG] [Fast Refresh] rebuilding @ http://localhost:3000/_next/static/chunks/node_modules_next_dist_1ybzpk2._.js:2477
[  212874ms] [LOG] [Fast Refresh] done in 132ms @ http://localhost:3000/_next/static/chunks/node_modules_next_dist_1ybzpk2._.js:2477
[  241468ms] [LOG] [Fast Refresh] rebuilding @ http://localhost:3000/_next/static/chunks/node_modules_next_dist_1ybzpk2._.js:2477
[  241480ms] [LOG] [Fast Refresh] done in 189ms @ http://localhost:3000/_next/static/chunks/node_modules_next_dist_1ybzpk2._.js:2477
[30395514ms] [ERROR] WebSocket connection to 'ws://localhost:3000/_next/webpack-hmr?id=q_2Xx2TsYVhTOEhAs2zcL' failed: Error in connection establishment: net::ERR_CONNECTION_REFUSED @ http://localhost:3000/_next/static/chunks/node_modules_next_dist_client_0r5nbpw._.js:13422
[30398856ms] [ERROR] WebSocket connection to 'ws://localhost:3000/_next/webpack-hmr?id=q_2Xx2TsYVhTOEhAs2zcL' failed: Error in connection establishment: net::ERR_CONNECTION_REFUSED @ http://localhost:3000/_next/static/chunks/node_modules_next_dist_client_0r5nbpw._.js:13422
[30402200ms] [ERROR] WebSocket connection to 'ws://localhost:3000/_next/webpack-hmr?id=q_2Xx2TsYVhTOEhAs2zcL' failed: Error in connection establishment: net::ERR_CONNECTION_REFUSED @ http://localhost:3000/_next/static/chunks/node_modules_next_dist_client_0r5nbpw._.js:13422
[30405554ms] [ERROR] WebSocket connection to 'ws://localhost:3000/_next/webpack-hmr?id=q_2Xx2TsYVhTOEhAs2zcL' failed: Error in connection establishment: net::ERR_CONNECTION_REFUSED @ http://localhost:3000/_next/static/chunks/node_modules_next_dist_client_0r5nbpw._.js:13422
[30408896ms] [ERROR] WebSocket connection to 'ws://localhost:3000/_next/webpack-hmr?id=q_2Xx2TsYVhTOEhAs2zcL' failed: Error in connection establishment: net::ERR_CONNECTION_REFUSED @ http://localhost:3000/_next/static/chunks/node_modules_next_dist_client_0r5nbpw._.js:13422
[30416241ms] [ERROR] WebSocket connection to 'ws://localhost:3000/_next/webpack-hmr?id=q_2Xx2TsYVhTOEhAs2zcL' failed: Error in connection establishment: net::ERR_CONNECTION_REFUSED @ http://localhost:3000/_next/static/chunks/node_modules_next_dist_client_0r5nbpw._.js:13422
[30423602ms] [ERROR] WebSocket connection to 'ws://localhost:3000/_next/webpack-hmr?id=q_2Xx2TsYVhTOEhAs2zcL' failed: Error in connection establishment: net::ERR_CONNECTION_REFUSED @ http://localhost:3000/_next/static/chunks/node_modules_next_dist_client_0r5nbpw._.js:13422
[30423870ms] [ERROR] Failed to load resource: net::ERR_CONNECTION_REFUSED @ http://localhost:3000/api/notifications:0
[30423895ms] TypeError: Failed to fetch
    at NotificationBell.useEffect.load (http://localhost:3000/_next/static/chunks/_0r87hmh._.js:449:39)
[30423922ms] [ERROR] WebSocket is already in CLOSING or CLOSED state. @ http://localhost:3000/_next/static/chunks/node_modules_next_dist_1ybzpk2._.js:2836
[30424126ms] [ERROR] Failed to load resource: net::ERR_CONNECTION_REFUSED @ http://localhost:3000/__nextjs_original-stack-frames:0
[30430961ms] [ERROR] WebSocket connection to 'ws://localhost:3000/_next/webpack-hmr?id=q_2Xx2TsYVhTOEhAs2zcL' failed: Error in connection establishment: net::ERR_CONNECTION_REFUSED @ http://localhost:3000/_next/static/chunks/node_modules_next_dist_client_0r5nbpw._.js:13422
[30438321ms] [ERROR] WebSocket connection to 'ws://localhost:3000/_next/webpack-hmr?id=q_2Xx2TsYVhTOEhAs2zcL' failed: Error in connection establishment: net::ERR_CONNECTION_REFUSED @ http://localhost:3000/_next/static/chunks/node_modules_next_dist_client_0r5nbpw._.js:13422
[30445690ms] [ERROR] WebSocket connection to 'ws://localhost:3000/_next/webpack-hmr?id=q_2Xx2TsYVhTOEhAs2zcL' failed: Error in connection establishment: net::ERR_CONNECTION_REFUSED @ http://localhost:3000/_next/static/chunks/node_modules_next_dist_client_0r5nbpw._.js:13422
[30453109ms] [ERROR] WebSocket connection to 'ws://localhost:3000/_next/webpack-hmr?id=q_2Xx2TsYVhTOEhAs2zcL' failed: Error in connection establishment: net::ERR_CONNECTION_REFUSED @ http://localhost:3000/_next/static/chunks/node_modules_next_dist_client_0r5nbpw._.js:13422
[30460581ms] [ERROR] WebSocket connection to 'ws://localhost:3000/_next/webpack-hmr?id=q_2Xx2TsYVhTOEhAs2zcL' failed: Error in connection establishment: net::ERR_CONNECTION_REFUSED @ http://localhost:3000/_next/static/chunks/node_modules_next_dist_client_0r5nbpw._.js:13422
